2016-03-19 22:16:39 Now begin to backup ......

Recovery Manager: Release 11.2.0.4.0 - Production on Sat Mar 19 22:16:39 2016

Copyright (c) 1982, 2011, Oracle and/or its affiliates.  All rights reserved.

connected to target database: ORCL (DBID=1434702331)

RMAN> 2> 3> 4> 5> 6> 
using target database control file instead of recovery catalog
allocated channel: ch1
channel ch1: SID=383 device type=DISK

allocated channel: ch2
channel ch2: SID=1519 device type=DISK

Starting backup at 2016-03-19 22:16:40
current log archived
skipping archived log of thread 1 with sequence 19; already backed up
channel ch1: starting compressed archived log backup set
channel ch1: specifying archived log(s) in backup set
input archived log thread=1 sequence=20 RECID=2 STAMP=906934600
channel ch1: starting piece 1 at 2016-03-19 22:16:40
channel ch2: deleting archived log(s)
archived log file name=/data/app/oracle/fast_recovery_area/ORCL/archivelog/2016_03_19/o1_mf_1_19_cgtpbj42_.arc RECID=1 STAMP=906933072
channel ch1: finished piece 1 at 2016-03-19 22:16:41
piece handle=/data/app/oracle/fast_recovery_area/ORCL/backupset/2016_03_19/o1_mf_annnn_TAG20160319T221640_cgtqt8sn_.bkp tag=TAG20160319T221640 comment=NONE
channel ch1: backup set complete, elapsed time: 00:00:01
channel ch1: deleting archived log(s)
archived log file name=/data/app/oracle/fast_recovery_area/ORCL/archivelog/2016_03_19/o1_mf_1_20_cgtqt8p6_.arc RECID=2 STAMP=906934600
Finished backup at 2016-03-19 22:16:41

Starting Control File and SPFILE Autobackup at 2016-03-19 22:16:41
piece handle=/data/app/oracle/fast_recovery_area/ORCL/autobackup/2016_03_19/o1_mf_s_906934601_cgtqt9xc_.bkp comment=NONE
Finished Control File and SPFILE Autobackup at 2016-03-19 22:16:42
released channel: ch1
released channel: ch2

RMAN> 

Recovery Manager complete.
2016-03-19 22:16:44 backup finish ......
