
Recovery Manager: Release 11.2.0.4.0 - Production on Sat Mar 19 22:16:43 2016

Copyright (c) 1982, 2011, Oracle and/or its affiliates.  All rights reserved.

connected to target database: ORCL (DBID=1434702331)

RMAN> 2> 3> 4> 5> 6> 7> 8> 9> 
using target database control file instead of recovery catalog
RMAN retention policy will be applied to the command
RMAN retention policy is set to recovery window of 3 days
no obsolete backups found

allocated channel: ORA_DISK_1
channel ORA_DISK_1: SID=383 device type=DISK
crosschecked backup piece: found to be 'AVAILABLE'
backup piece handle=/data/app/oracle/fast_recovery_area/ORCL/backupset/2016_03_19/o1_mf_annnn_TAG20160319T215112_cgtpbjvm_.bkp RECID=1 STAMP=906933072
crosschecked backup piece: found to be 'AVAILABLE'
backup piece handle=/data/app/oracle/fast_recovery_area/ORCL/autobackup/2016_03_19/o1_mf_s_906933073_cgtpbkyx_.bkp RECID=2 STAMP=906933073
crosschecked backup piece: found to be 'AVAILABLE'
backup piece handle=/data/app/oracle/fast_recovery_area/ORCL/backupset/2016_03_19/o1_mf_annnn_TAG20160319T221640_cgtqt8sn_.bkp RECID=3 STAMP=906934600
crosschecked backup piece: found to be 'AVAILABLE'
backup piece handle=/data/app/oracle/fast_recovery_area/ORCL/autobackup/2016_03_19/o1_mf_s_906934601_cgtqt9xc_.bkp RECID=4 STAMP=906934601
Crosschecked 4 objects


released channel: ORA_DISK_1
allocated channel: ORA_DISK_1
channel ORA_DISK_1: SID=383 device type=DISK
specification does not match any datafile copy in the repository
specification does not match any control file copy in the repository
specification does not match any archived log in the repository

using channel ORA_DISK_1
specification does not match any backup in the repository

released channel: ORA_DISK_1
allocated channel: ORA_DISK_1
channel ORA_DISK_1: SID=383 device type=DISK
specification does not match any archived log in the repository

RMAN retention policy will be applied to the command
RMAN retention policy is set to recovery window of 3 days
using channel ORA_DISK_1
no obsolete backups found

RMAN> 

Recovery Manager complete.
